This file contains any messages produced by compilers while
running configure, to aid debugging if configure makes a mistake.

It was created by configure, which was
generated by GNU Autoconf 2.67.  Invocation command line was

  $ ./configure 

## --------- ##
## Platform. ##
## --------- ##

hostname = geek
uname -m = x86_64
uname -r = 3.2.0-33-generic
uname -s = Linux
uname -v = #52-Ubuntu SMP Thu Oct 18 16:29:15 UTC 2012

/usr/bin/uname -p = unknown
/bin/uname -X     = unknown

/bin/arch              = unknown
/usr/bin/arch -k       = unknown
/usr/convex/getsysinfo = unknown
/usr/bin/hostinfo      = unknown
/bin/machine           = unknown
/usr/bin/oslevel       = unknown
/bin/universe          = unknown

PATH: /home/yhyan/bin/build-debug
PATH: /home/yhyan/bin
PATH: /usr/lib/lightdm/lightdm
PATH: /usr/local/sbin
PATH: /usr/local/bin
PATH: /usr/sbin
PATH: /usr/bin
PATH: /sbin
PATH: /bin
PATH: /usr/games


## ----------- ##
## Core tests. ##
## ----------- ##

configure:2722: checking for a BSD-compatible install
configure:2790: result: /usr/bin/install -c
configure:2801: checking whether build environment is sane
configure:2838: result: yes
configure:2900: checking for gawk
configure:2930: result: no
configure:2900: checking for mawk
configure:2916: found /usr/bin/mawk
configure:2927: result: mawk
configure:2938: checking whether make sets $(MAKE)
configure:2960: result: yes
configure:3139: checking whether to enable maintainer-specific portions of Makefiles
configure:3148: result: no
configure:3214: checking for gcc
configure:3230: found /usr/bin/gcc
configure:3241: result: gcc
configure:3470: checking for C compiler version
configure:3479: gcc --version >&5
gcc (Ubuntu/Linaro 4.6.3-1ubuntu5) 4.6.3
Copyright (C) 2011 Free Software Foundation, Inc.
This is free software; see the source for copying conditions.  There is NO
warranty; not even for MERCHANTABILITY or FITNESS FOR A PARTICULAR PURPOSE.

configure:3490: $? = 0
configure:3479: gcc -v >&5
Using built-in specs.
COLLECT_GCC=gcc
COLLECT_LTO_WRAPPER=/usr/lib/gcc/x86_64-linux-gnu/4.6/lto-wrapper
Target: x86_64-linux-gnu
Configured with: ../src/configure -v --with-pkgversion='Ubuntu/Linaro 4.6.3-1ubuntu5' --with-bugurl=file:///usr/share/doc/gcc-4.6/README.Bugs --enable-languages=c,c++,fortran,objc,obj-c++ --prefix=/usr --program-suffix=-4.6 --enable-shared --enable-linker-build-id --with-system-zlib --libexecdir=/usr/lib --without-included-gettext --enable-threads=posix --with-gxx-include-dir=/usr/include/c++/4.6 --libdir=/usr/lib --enable-nls --with-sysroot=/ --enable-clocale=gnu --enable-libstdcxx-debug --enable-libstdcxx-time=yes --enable-gnu-unique-object --enable-plugin --enable-objc-gc --disable-werror --with-arch-32=i686 --with-tune=generic --enable-checking=release --build=x86_64-linux-gnu --host=x86_64-linux-gnu --target=x86_64-linux-gnu
Thread model: posix
gcc version 4.6.3 (Ubuntu/Linaro 4.6.3-1ubuntu5) 
configure:3490: $? = 0
configure:3479: gcc -V >&5
gcc: error: unrecognized option '-V'
gcc: fatal error: no input files
compilation terminated.
configure:3490: $? = 4
configure:3479: gcc -qversion >&5
gcc: error: unrecognized option '-qversion'
gcc: fatal error: no input files
compilation terminated.
configure:3490: $? = 4
configure:3510: checking whether the C compiler works
configure:3532: gcc    conftest.c  >&5
configure:3536: $? = 0
configure:3584: result: yes
configure:3587: checking for C compiler default output file name
configure:3589: result: a.out
configure:3595: checking for suffix of executables
configure:3602: gcc -o conftest    conftest.c  >&5
configure:3606: $? = 0
configure:3628: result: 
configure:3650: checking whether we are cross compiling
configure:3658: gcc -o conftest    conftest.c  >&5
configure:3662: $? = 0
configure:3669: ./conftest
configure:3673: $? = 0
configure:3688: result: no
configure:3693: checking for suffix of object files
configure:3715: gcc -c   conftest.c >&5
configure:3719: $? = 0
configure:3740: result: o
configure:3744: checking whether we are using the GNU C compiler
configure:3763: gcc -c   conftest.c >&5
configure:3763: $? = 0
configure:3772: result: yes
configure:3781: checking whether gcc accepts -g
configure:3801: gcc -c -g  conftest.c >&5
configure:3801: $? = 0
configure:3842: result: yes
configure:3859: checking for gcc option to accept ISO C89
configure:3923: gcc  -c -g -O2  conftest.c >&5
configure:3923: $? = 0
configure:3936: result: none needed
configure:3967: checking for style of include used by make
configure:3995: result: GNU
configure:4023: checking dependency style of gcc
configure:4113: result: gcc3
configure:4188: checking for g++
configure:4204: found /usr/bin/g++
configure:4215: result: g++
configure:4242: checking for C++ compiler version
configure:4251: g++ --version >&5
g++ (Ubuntu/Linaro 4.6.3-1ubuntu5) 4.6.3
Copyright (C) 2011 Free Software Foundation, Inc.
This is free software; see the source for copying conditions.  There is NO
warranty; not even for MERCHANTABILITY or FITNESS FOR A PARTICULAR PURPOSE.

configure:4262: $? = 0
configure:4251: g++ -v >&5
Using built-in specs.
COLLECT_GCC=g++
COLLECT_LTO_WRAPPER=/usr/lib/gcc/x86_64-linux-gnu/4.6/lto-wrapper
Target: x86_64-linux-gnu
Configured with: ../src/configure -v --with-pkgversion='Ubuntu/Linaro 4.6.3-1ubuntu5' --with-bugurl=file:///usr/share/doc/gcc-4.6/README.Bugs --enable-languages=c,c++,fortran,objc,obj-c++ --prefix=/usr --program-suffix=-4.6 --enable-shared --enable-linker-build-id --with-system-zlib --libexecdir=/usr/lib --without-included-gettext --enable-threads=posix --with-gxx-include-dir=/usr/include/c++/4.6 --libdir=/usr/lib --enable-nls --with-sysroot=/ --enable-clocale=gnu --enable-libstdcxx-debug --enable-libstdcxx-time=yes --enable-gnu-unique-object --enable-plugin --enable-objc-gc --disable-werror --with-arch-32=i686 --with-tune=generic --enable-checking=release --build=x86_64-linux-gnu --host=x86_64-linux-gnu --target=x86_64-linux-gnu
Thread model: posix
gcc version 4.6.3 (Ubuntu/Linaro 4.6.3-1ubuntu5) 
configure:4262: $? = 0
configure:4251: g++ -V >&5
g++: error: unrecognized option '-V'
g++: fatal error: no input files
compilation terminated.
configure:4262: $? = 4
configure:4251: g++ -qversion >&5
g++: error: unrecognized option '-qversion'
g++: fatal error: no input files
compilation terminated.
configure:4262: $? = 4
configure:4266: checking whether we are using the GNU C++ compiler
configure:4285: g++ -c   conftest.cpp >&5
configure:4285: $? = 0
configure:4294: result: yes
configure:4303: checking whether g++ accepts -g
configure:4323: g++ -c -g  conftest.cpp >&5
configure:4323: $? = 0
configure:4364: result: yes
configure:4389: checking dependency style of g++
configure:4479: result: gcc3
configure:4502: checking how to run the C preprocessor
configure:4533: gcc -E  conftest.c
configure:4533: $? = 0
configure:4547: gcc -E  conftest.c
conftest.c:11:28: fatal error: ac_nonexistent.h: No such file or directory
compilation terminated.
configure:4547: $? = 1
configure: failed program was:
| /* confdefs.h */
| #define PACKAGE_NAME ""
| #define PACKAGE_TARNAME ""
| #define PACKAGE_VERSION ""
| #define PACKAGE_STRING ""
| #define PACKAGE_BUGREPORT ""
| #define PACKAGE_URL ""
| #define PACKAGE "httrack"
| #define VERSION "3.46.1"
| /* end confdefs.h.  */
| #include <ac_nonexistent.h>
configure:4572: result: gcc -E
configure:4592: gcc -E  conftest.c
configure:4592: $? = 0
configure:4606: gcc -E  conftest.c
conftest.c:11:28: fatal error: ac_nonexistent.h: No such file or directory
compilation terminated.
configure:4606: $? = 1
configure: failed program was:
| /* confdefs.h */
| #define PACKAGE_NAME ""
| #define PACKAGE_TARNAME ""
| #define PACKAGE_VERSION ""
| #define PACKAGE_STRING ""
| #define PACKAGE_BUGREPORT ""
| #define PACKAGE_URL ""
| #define PACKAGE "httrack"
| #define VERSION "3.46.1"
| /* end confdefs.h.  */
| #include <ac_nonexistent.h>
configure:4635: checking for grep that handles long lines and -e
configure:4693: result: /bin/grep
configure:4698: checking for egrep
configure:4760: result: /bin/grep -E
configure:4765: checking for ANSI C header files
configure:4785: gcc -c -g -O2  conftest.c >&5
configure:4785: $? = 0
configure:4858: gcc -o conftest -g -O2   conftest.c  >&5
configure:4858: $? = 0
configure:4858: ./conftest
configure:4858: $? = 0
configure:4869: result: yes
configure:4906: checking build system type
configure:4920: result: x86_64-unknown-linux-gnu
configure:4940: checking host system type
configure:4953: result: x86_64-unknown-linux-gnu
configure:4973: checking for a sed that does not truncate output
configure:5037: result: /bin/sed
configure:5055: checking for fgrep
configure:5117: result: /bin/grep -F
configure:5152: checking for ld used by gcc
configure:5219: result: /usr/bin/ld
configure:5226: checking if the linker (/usr/bin/ld) is GNU ld
configure:5241: result: yes
configure:5253: checking for BSD- or MS-compatible name lister (nm)
configure:5302: result: /usr/bin/nm -B
configure:5420: checking the name lister (/usr/bin/nm -B) interface
configure:5427: gcc -c -g -O2  conftest.c >&5
configure:5430: /usr/bin/nm -B "conftest.o"
configure:5433: output
0000000000000000 B some_variable
configure:5440: result: BSD nm
configure:5443: checking whether ln -s works
configure:5447: result: yes
configure:5455: checking the maximum length of command line arguments
configure:5575: result: 1572864
configure:5592: checking whether the shell understands some XSI constructs
configure:5602: result: yes
configure:5606: checking whether the shell understands "+="
configure:5612: result: yes
configure:5647: checking for /usr/bin/ld option to reload object files
configure:5654: result: -r
configure:5723: checking for objdump
configure:5739: found /usr/bin/objdump
configure:5750: result: objdump
configure:5782: checking how to recognize dependent libraries
configure:5978: result: pass_all
configure:6038: checking for ar
configure:6054: found /usr/bin/ar
configure:6065: result: ar
configure:6143: checking for strip
configure:6159: found /usr/bin/strip
configure:6170: result: strip
configure:6242: checking for ranlib
configure:6258: found /usr/bin/ranlib
configure:6269: result: ranlib
configure:6359: checking command to parse /usr/bin/nm -B output from gcc object
configure:6477: gcc -c -g -O2  conftest.c >&5
configure:6480: $? = 0
configure:6484: /usr/bin/nm -B conftest.o \| sed -n -e 's/^.*[	 ]\([ABCDGIRSTW][ABCDGIRSTW]*\)[	 ][	 ]*\([_A-Za-z][_A-Za-z0-9]*\)$/\1 \2 \2/p' \> conftest.nm
configure:6487: $? = 0
configure:6541: gcc -o conftest -g -O2   conftest.c conftstm.o >&5
configure:6544: $? = 0
configure:6582: result: ok
configure:6677: gcc -c -g -O2  conftest.c >&5
configure:6680: $? = 0
configure:7390: checking for sys/types.h
configure:7390: gcc -c -g -O2  conftest.c >&5
configure:7390: $? = 0
configure:7390: result: yes
configure:7390: checking for sys/stat.h
configure:7390: gcc -c -g -O2  conftest.c >&5
configure:7390: $? = 0
configure:7390: result: yes
configure:7390: checking for stdlib.h
configure:7390: gcc -c -g -O2  conftest.c >&5
configure:7390: $? = 0
configure:7390: result: yes
configure:7390: checking for string.h
configure:7390: gcc -c -g -O2  conftest.c >&5
configure:7390: $? = 0
configure:7390: result: yes
configure:7390: checking for memory.h
configure:7390: gcc -c -g -O2  conftest.c >&5
configure:7390: $? = 0
configure:7390: result: yes
configure:7390: checking for strings.h
configure:7390: gcc -c -g -O2  conftest.c >&5
configure:7390: $? = 0
configure:7390: result: yes
configure:7390: checking for inttypes.h
configure:7390: gcc -c -g -O2  conftest.c >&5
configure:7390: $? = 0
configure:7390: result: yes
configure:7390: checking for stdint.h
configure:7390: gcc -c -g -O2  conftest.c >&5
configure:7390: $? = 0
configure:7390: result: yes
configure:7390: checking for unistd.h
configure:7390: gcc -c -g -O2  conftest.c >&5
configure:7390: $? = 0
configure:7390: result: yes
configure:7404: checking for dlfcn.h
configure:7404: gcc -c -g -O2  conftest.c >&5
configure:7404: $? = 0
configure:7404: result: yes
configure:7529: checking for C++ compiler version
configure:7538: g++ --version >&5
g++ (Ubuntu/Linaro 4.6.3-1ubuntu5) 4.6.3
Copyright (C) 2011 Free Software Foundation, Inc.
This is free software; see the source for copying conditions.  There is NO
warranty; not even for MERCHANTABILITY or FITNESS FOR A PARTICULAR PURPOSE.

configure:7549: $? = 0
configure:7538: g++ -v >&5
Using built-in specs.
COLLECT_GCC=g++
COLLECT_LTO_WRAPPER=/usr/lib/gcc/x86_64-linux-gnu/4.6/lto-wrapper
Target: x86_64-linux-gnu
Configured with: ../src/configure -v --with-pkgversion='Ubuntu/Linaro 4.6.3-1ubuntu5' --with-bugurl=file:///usr/share/doc/gcc-4.6/README.Bugs --enable-languages=c,c++,fortran,objc,obj-c++ --prefix=/usr --program-suffix=-4.6 --enable-shared --enable-linker-build-id --with-system-zlib --libexecdir=/usr/lib --without-included-gettext --enable-threads=posix --with-gxx-include-dir=/usr/include/c++/4.6 --libdir=/usr/lib --enable-nls --with-sysroot=/ --enable-clocale=gnu --enable-libstdcxx-debug --enable-libstdcxx-time=yes --enable-gnu-unique-object --enable-plugin --enable-objc-gc --disable-werror --with-arch-32=i686 --with-tune=generic --enable-checking=release --build=x86_64-linux-gnu --host=x86_64-linux-gnu --target=x86_64-linux-gnu
Thread model: posix
gcc version 4.6.3 (Ubuntu/Linaro 4.6.3-1ubuntu5) 
configure:7549: $? = 0
configure:7538: g++ -V >&5
g++: error: unrecognized option '-V'
g++: fatal error: no input files
compilation terminated.
configure:7549: $? = 4
configure:7538: g++ -qversion >&5
g++: error: unrecognized option '-qversion'
g++: fatal error: no input files
compilation terminated.
configure:7549: $? = 4
configure:7553: checking whether we are using the GNU C++ compiler
configure:7581: result: yes
configure:7590: checking whether g++ accepts -g
configure:7651: result: yes
configure:7676: checking dependency style of g++
configure:7766: result: gcc3
configure:7791: checking how to run the C++ preprocessor
configure:7818: g++ -E  conftest.cpp
configure:7818: $? = 0
configure:7832: g++ -E  conftest.cpp
conftest.cpp:22:28: fatal error: ac_nonexistent.h: No such file or directory
compilation terminated.
configure:7832: $? = 1
configure: failed program was:
| /* confdefs.h */
| #define PACKAGE_NAME ""
| #define PACKAGE_TARNAME ""
| #define PACKAGE_VERSION ""
| #define PACKAGE_STRING ""
| #define PACKAGE_BUGREPORT ""
| #define PACKAGE_URL ""
| #define PACKAGE "httrack"
| #define VERSION "3.46.1"
| #define STDC_HEADERS 1
| #define HAVE_SYS_TYPES_H 1
| #define HAVE_SYS_STAT_H 1
| #define HAVE_STDLIB_H 1
| #define HAVE_STRING_H 1
| #define HAVE_MEMORY_H 1
| #define HAVE_STRINGS_H 1
| #define HAVE_INTTYPES_H 1
| #define HAVE_STDINT_H 1
| #define HAVE_UNISTD_H 1
| #define HAVE_DLFCN_H 1
| /* end confdefs.h.  */
| #include <ac_nonexistent.h>
configure:7857: result: g++ -E
configure:7877: g++ -E  conftest.cpp
configure:7877: $? = 0
configure:7891: g++ -E  conftest.cpp
conftest.cpp:22:28: fatal error: ac_nonexistent.h: No such file or directory
compilation terminated.
configure:7891: $? = 1
configure: failed program was:
| /* confdefs.h */
| #define PACKAGE_NAME ""
| #define PACKAGE_TARNAME ""
| #define PACKAGE_VERSION ""
| #define PACKAGE_STRING ""
| #define PACKAGE_BUGREPORT ""
| #define PACKAGE_URL ""
| #define PACKAGE "httrack"
| #define VERSION "3.46.1"
| #define STDC_HEADERS 1
| #define HAVE_SYS_TYPES_H 1
| #define HAVE_SYS_STAT_H 1
| #define HAVE_STDLIB_H 1
| #define HAVE_STRING_H 1
| #define HAVE_MEMORY_H 1
| #define HAVE_STRINGS_H 1
| #define HAVE_INTTYPES_H 1
| #define HAVE_STDINT_H 1
| #define HAVE_UNISTD_H 1
| #define HAVE_DLFCN_H 1
| /* end confdefs.h.  */
| #include <ac_nonexistent.h>
configure:8097: checking for objdir
configure:8112: result: .libs
configure:8404: checking if gcc supports -fno-rtti -fno-exceptions
configure:8422: gcc -c -g -O2  -fno-rtti -fno-exceptions conftest.c >&5
cc1: warning: command line option '-fno-rtti' is valid for C++/ObjC++ but not for C [enabled by default]
configure:8426: $? = 0
configure:8439: result: no
configure:8459: checking for gcc option to produce PIC
configure:8731: result: -fPIC -DPIC
configure:8743: checking if gcc PIC flag -fPIC -DPIC works
configure:8761: gcc -c -g -O2  -fPIC -DPIC -DPIC conftest.c >&5
configure:8765: $? = 0
configure:8778: result: yes
configure:8802: checking if gcc static flag -static works
configure:8830: result: yes
configure:8845: checking if gcc supports -c -o file.o
configure:8866: gcc -c -g -O2  -o out/conftest2.o conftest.c >&5
configure:8870: $? = 0
configure:8892: result: yes
configure:8900: checking if gcc supports -c -o file.o
configure:8947: result: yes
configure:8980: checking whether the gcc linker (/usr/bin/ld -m elf_x86_64) supports shared libraries
configure:9971: result: yes
configure:10008: checking whether -lc should be explicitly linked in
configure:10013: gcc -c -g -O2  conftest.c >&5
configure:10016: $? = 0
configure:10031: gcc -shared conftest.o  -v -Wl,-soname -Wl,conftest -o conftest 2\>\&1 \| /bin/grep  -lc  \>/dev/null 2\>\&1
configure:10034: $? = 0
configure:10046: result: no
configure:10210: checking dynamic linker characteristics
configure:10643: gcc -o conftest -g -O2   -Wl,-rpath -Wl,/foo conftest.c  >&5
configure:10643: $? = 0
configure:10873: result: GNU/Linux ld.so
configure:10975: checking how to hardcode library paths into programs
configure:11000: result: immediate
configure:11520: checking whether stripping libraries is possible
configure:11525: result: yes
configure:11560: checking if libtool supports shared libraries
configure:11562: result: yes
configure:11565: checking whether to build shared libraries
configure:11586: result: yes
configure:11589: checking whether to build static libraries
configure:11593: result: yes
configure:11743: checking for ld used by g++
configure:11810: result: /usr/bin/ld -m elf_x86_64
configure:11817: checking if the linker (/usr/bin/ld -m elf_x86_64) is GNU ld
configure:11832: result: yes
configure:11887: checking whether the g++ linker (/usr/bin/ld -m elf_x86_64) supports shared libraries
configure:12800: result: yes
configure:12828: g++ -c -g -O2  conftest.cpp >&5
configure:12831: $? = 0
configure:13013: checking for g++ option to produce PIC
configure:13330: result: -fPIC -DPIC
configure:13339: checking if g++ PIC flag -fPIC -DPIC works
configure:13357: g++ -c -g -O2  -fPIC -DPIC -DPIC conftest.cpp >&5
configure:13361: $? = 0
configure:13374: result: yes
configure:13395: checking if g++ static flag -static works
configure:13423: result: yes
configure:13435: checking if g++ supports -c -o file.o
configure:13456: g++ -c -g -O2  -o out/conftest2.o conftest.cpp >&5
configure:13460: $? = 0
configure:13482: result: yes
configure:13487: checking if g++ supports -c -o file.o
configure:13534: result: yes
configure:13564: checking whether the g++ linker (/usr/bin/ld -m elf_x86_64) supports shared libraries
configure:13593: result: yes
configure:13730: checking dynamic linker characteristics
configure:14111: g++ -o conftest -g -O2   -Wl,-rpath -Wl,/foo conftest.cpp  >&5
configure:14111: $? = 0
configure:14341: result: GNU/Linux ld.so
configure:14392: checking how to hardcode library paths into programs
configure:14417: result: immediate
configure:14475: checking whether ln -s works
configure:14479: result: yes
configure:14508: checking size of long
configure:14513: gcc -o conftest -g -O2   conftest.c  >&5
configure:14513: $? = 0
configure:14513: ./conftest
configure:14513: $? = 0
configure:14527: result: 8
configure:14541: checking size of long long
configure:14546: gcc -o conftest -g -O2   conftest.c  >&5
configure:14546: $? = 0
configure:14546: ./conftest
configure:14546: $? = 0
configure:14560: result: 8
configure:14573: checking long printf format
configure:14588: gcc -o conftest -g -O2   conftest.c  >&5
conftest.c: In function 'main':
conftest.c:27:10: warning: incompatible implicit declaration of built-in function 'exit' [enabled by default]
configure:14588: $? = 0
configure:14588: ./conftest
configure:14588: $? = 0
configure:14589: result: found
configure:14766: checking for in_addr_t
configure:14766: gcc -c -g -O2  conftest.c >&5
configure:14766: $? = 0
configure:14766: gcc -c -g -O2  conftest.c >&5
conftest.c: In function 'main':
conftest.c:33:24: error: expected expression before ')' token
configure:14766: $? = 1
configure: failed program was:
| /* confdefs.h */
| #define PACKAGE_NAME ""
| #define PACKAGE_TARNAME ""
| #define PACKAGE_VERSION ""
| #define PACKAGE_STRING ""
| #define PACKAGE_BUGREPORT ""
| #define PACKAGE_URL ""
| #define PACKAGE "httrack"
| #define VERSION "3.46.1"
| #define STDC_HEADERS 1
| #define HAVE_SYS_TYPES_H 1
| #define HAVE_SYS_STAT_H 1
| #define HAVE_STDLIB_H 1
| #define HAVE_STRING_H 1
| #define HAVE_MEMORY_H 1
| #define HAVE_STRINGS_H 1
| #define HAVE_INTTYPES_H 1
| #define HAVE_STDINT_H 1
| #define HAVE_UNISTD_H 1
| #define HAVE_DLFCN_H 1
| #define LT_OBJDIR ".libs/"
| #define SIZEOF_LONG 8
| #define SIZEOF_LONG_LONG 8
| #define LLINT_FORMAT "%ld"
| #define LLINT_TYPE long int
| /* end confdefs.h.  */
| #include <sys/types.h>
| #include <netinet/in.h>
| 
| int
| main ()
| {
| if (sizeof ((in_addr_t)))
| 	    return 0;
|   ;
|   return 0;
| }
configure:14766: result: yes
configure:14783: checking if zlib is wanted
configure:14798: result: yes
configure:14825: checking for inflateEnd in -lz
configure:14850: gcc -o conftest -g -O2  -I/usr/include  -L/usr/lib conftest.c -lz   >&5
configure:14850: $? = 0
configure:14859: result: yes
configure:14867: checking zlib.h usability
configure:14867: gcc -c -g -O2  -I/usr/include conftest.c >&5
configure:14867: $? = 0
configure:14867: result: yes
configure:14867: checking zlib.h presence
configure:14867: gcc -E  -I/usr/include conftest.c
configure:14867: $? = 0
configure:14867: result: yes
configure:14867: checking for zlib.h
configure:14867: result: yes
configure:14886: checking for inflateEnd in -lz
configure:14920: result: yes
configure:14931: checking zlib in /usr
configure:14933: result: ok
configure:14952: checking for getaddrinfo in -lc
configure:14977: gcc -o conftest -g -O2  -I/usr/include  -L/usr/lib conftest.c -lc  -lz  >&5
configure:14977: $? = 0
configure:14986: result: yes
configure:15001: checking for fopen64 in -lc
configure:15026: gcc -o conftest -g -O2  -I/usr/include  -L/usr/lib conftest.c -lc  -lz  >&5
configure:15026: $? = 0
configure:15035: result: yes
configure:15050: checking for pthread_create in -lpthread
configure:15075: gcc -o conftest -g -O2  -I/usr/include  -L/usr/lib conftest.c -lpthread  -lz  >&5
configure:15075: $? = 0
configure:15084: result: yes
configure:15201: checking for socket in -lsocket
configure:15226: gcc -o conftest -g -O2  -I/usr/include  -L/usr/lib conftest.c -lsocket  -lz  >&5
/usr/bin/ld: cannot find -lsocket
collect2: ld returned 1 exit status
configure:15226: $? = 1
configure: failed program was:
| /* confdefs.h */
| #define PACKAGE_NAME ""
| #define PACKAGE_TARNAME ""
| #define PACKAGE_VERSION ""
| #define PACKAGE_STRING ""
| #define PACKAGE_BUGREPORT ""
| #define PACKAGE_URL ""
| #define PACKAGE "httrack"
| #define VERSION "3.46.1"
| #define STDC_HEADERS 1
| #define HAVE_SYS_TYPES_H 1
| #define HAVE_SYS_STAT_H 1
| #define HAVE_STDLIB_H 1
| #define HAVE_STRING_H 1
| #define HAVE_MEMORY_H 1
| #define HAVE_STRINGS_H 1
| #define HAVE_INTTYPES_H 1
| #define HAVE_STDINT_H 1
| #define HAVE_UNISTD_H 1
| #define HAVE_DLFCN_H 1
| #define LT_OBJDIR ".libs/"
| #define SIZEOF_LONG 8
| #define SIZEOF_LONG_LONG 8
| #define LLINT_FORMAT "%ld"
| #define LLINT_TYPE long int
| #define HTS_DO_NOT_REDEFINE_in_addr_t /**/
| #define HAVE_LIBZ 1
| #define HTS_INET6 1
| #define HTS_LFS 1
| #define THREADS 1
| /* end confdefs.h.  */
| 
| /* Override any GCC internal prototype to avoid an error.
|    Use char because int might match the return type of a GCC
|    builtin and then its argument prototype would still apply.  */
| #ifdef __cplusplus
| extern "C"
| #endif
| char socket ();
| int
| main ()
| {
| return socket ();
|   ;
|   return 0;
| }
configure:15235: result: no
configure:15243: result: not necessary
configure:15250: checking for iconv in -liconv
configure:15275: gcc -o conftest -g -O2  -I/usr/include  -L/usr/lib conftest.c -liconv  -lz  >&5
/usr/bin/ld: cannot find -liconv
collect2: ld returned 1 exit status
configure:15275: $? = 1
configure: failed program was:
| /* confdefs.h */
| #define PACKAGE_NAME ""
| #define PACKAGE_TARNAME ""
| #define PACKAGE_VERSION ""
| #define PACKAGE_STRING ""
| #define PACKAGE_BUGREPORT ""
| #define PACKAGE_URL ""
| #define PACKAGE "httrack"
| #define VERSION "3.46.1"
| #define STDC_HEADERS 1
| #define HAVE_SYS_TYPES_H 1
| #define HAVE_SYS_STAT_H 1
| #define HAVE_STDLIB_H 1
| #define HAVE_STRING_H 1
| #define HAVE_MEMORY_H 1
| #define HAVE_STRINGS_H 1
| #define HAVE_INTTYPES_H 1
| #define HAVE_STDINT_H 1
| #define HAVE_UNISTD_H 1
| #define HAVE_DLFCN_H 1
| #define LT_OBJDIR ".libs/"
| #define SIZEOF_LONG 8
| #define SIZEOF_LONG_LONG 8
| #define LLINT_FORMAT "%ld"
| #define LLINT_TYPE long int
| #define HTS_DO_NOT_REDEFINE_in_addr_t /**/
| #define HAVE_LIBZ 1
| #define HTS_INET6 1
| #define HTS_LFS 1
| #define THREADS 1
| /* end confdefs.h.  */
| 
| /* Override any GCC internal prototype to avoid an error.
|    Use char because int might match the return type of a GCC
|    builtin and then its argument prototype would still apply.  */
| #ifdef __cplusplus
| extern "C"
| #endif
| char iconv ();
| int
| main ()
| {
| return iconv ();
|   ;
|   return 0;
| }
configure:15284: result: no
configure:15292: result: not necessary
configure:15299: checking for dlopen in -ldl
configure:15324: gcc -o conftest -g -O2  -I/usr/include  -L/usr/lib conftest.c -ldl  -lz  >&5
configure:15324: $? = 0
configure:15333: result: yes
configure:15398: checking for ftime in -lc
configure:15423: gcc -o conftest -g -O2  -I/usr/include  -L/usr/lib conftest.c -lc  -lz  >&5
configure:15423: $? = 0
configure:15432: result: yes
configure:15446: checking for setuid in -lc
configure:15471: gcc -o conftest -g -O2  -I/usr/include  -L/usr/lib conftest.c -lc  -lz  >&5
configure:15471: $? = 0
configure:15480: result: yes
configure:15497: checking for snprintf
configure:15497: gcc -o conftest -g -O2  -I/usr/include  -L/usr/lib conftest.c -lz  >&5
conftest.c:58:6: warning: conflicting types for built-in function 'snprintf' [enabled by default]
configure:15497: $? = 0
configure:15497: result: yes
configure:15497: checking for vsnprintf
configure:15497: gcc -o conftest -g -O2  -I/usr/include  -L/usr/lib conftest.c -lz  >&5
conftest.c:59:6: warning: conflicting types for built-in function 'vsnprintf' [enabled by default]
configure:15497: $? = 0
configure:15497: result: yes
configure:15506: checking for working snprintf
configure:15532: gcc -o conftest -g -O2  -I/usr/include  -L/usr/lib conftest.c -lz  >&5
conftest.c: In function 'main':
conftest.c:45:29: warning: incompatible implicit declaration of built-in function 'exit' [enabled by default]
configure:15532: $? = 0
configure:15532: ./conftest
configure:15532: $? = 0
configure:15543: result: yes
configure:15545: checking for working vsnprintf
configure:15582: gcc -o conftest -g -O2  -I/usr/include  -L/usr/lib conftest.c -lz  >&5
conftest.c: In function 'main':
conftest.c:56:29: warning: incompatible implicit declaration of built-in function 'exit' [enabled by default]
configure:15582: $? = 0
configure:15582: ./conftest
configure:15582: $? = 0
configure:15593: result: yes
configure:15734: creating ./config.status

## ---------------------- ##
## Running config.status. ##
## ---------------------- ##

This file was extended by config.status, which was
generated by GNU Autoconf 2.67.  Invocation command line was

  CONFIG_FILES    = 
  CONFIG_HEADERS  = 
  CONFIG_LINKS    = 
  CONFIG_COMMANDS = 
  $ ./config.status 

on geek

config.status:1158: creating Makefile
config.status:1158: creating src/Makefile
config.status:1158: creating man/Makefile
config.status:1158: creating m4/Makefile
config.status:1158: creating templates/Makefile
config.status:1158: creating lang/Makefile
config.status:1158: creating html/Makefile
config.status:1158: creating libtest/Makefile
config.status:1158: creating config.h
config.status:1379: executing depfiles commands
config.status:1379: executing libtool commands

## ---------------- ##
## Cache variables. ##
## ---------------- ##

ac_cv_build=x86_64-unknown-linux-gnu
ac_cv_c_compiler_gnu=yes
ac_cv_cxx_compiler_gnu=yes
ac_cv_env_CCC_set=
ac_cv_env_CCC_value=
ac_cv_env_CC_set=
ac_cv_env_CC_value=
ac_cv_env_CFLAGS_set=
ac_cv_env_CFLAGS_value=
ac_cv_env_CPPFLAGS_set=
ac_cv_env_CPPFLAGS_value=
ac_cv_env_CPP_set=
ac_cv_env_CPP_value=
ac_cv_env_CXXCPP_set=
ac_cv_env_CXXCPP_value=
ac_cv_env_CXXFLAGS_set=
ac_cv_env_CXXFLAGS_value=
ac_cv_env_CXX_set=
ac_cv_env_CXX_value=
ac_cv_env_LDFLAGS_set=
ac_cv_env_LDFLAGS_value=
ac_cv_env_LIBS_set=
ac_cv_env_LIBS_value=
ac_cv_env_build_alias_set=
ac_cv_env_build_alias_value=
ac_cv_env_host_alias_set=
ac_cv_env_host_alias_value=
ac_cv_env_target_alias_set=
ac_cv_env_target_alias_value=
ac_cv_func_snprintf=yes
ac_cv_func_vsnprintf=yes
ac_cv_have_working_snprintf=yes
ac_cv_have_working_vsnprintf=yes
ac_cv_header_dlfcn_h=yes
ac_cv_header_inttypes_h=yes
ac_cv_header_memory_h=yes
ac_cv_header_stdc=yes
ac_cv_header_stdint_h=yes
ac_cv_header_stdlib_h=yes
ac_cv_header_string_h=yes
ac_cv_header_strings_h=yes
ac_cv_header_sys_stat_h=yes
ac_cv_header_sys_types_h=yes
ac_cv_header_unistd_h=yes
ac_cv_header_zlib_h=yes
ac_cv_host=x86_64-unknown-linux-gnu
ac_cv_lib_c_fopen64=yes
ac_cv_lib_c_ftime=yes
ac_cv_lib_c_getaddrinfo=yes
ac_cv_lib_c_setuid=yes
ac_cv_lib_dl_dlopen=yes
ac_cv_lib_iconv_iconv=no
ac_cv_lib_pthread_pthread_create=yes
ac_cv_lib_socket_socket=no
ac_cv_lib_z_inflateEnd=yes
ac_cv_objext=o
ac_cv_path_EGREP='/bin/grep -E'
ac_cv_path_FGREP='/bin/grep -F'
ac_cv_path_GREP=/bin/grep
ac_cv_path_SED=/bin/sed
ac_cv_path_install='/usr/bin/install -c'
ac_cv_prog_AWK=mawk
ac_cv_prog_CPP='gcc -E'
ac_cv_prog_CXXCPP='g++ -E'
ac_cv_prog_ac_ct_AR=ar
ac_cv_prog_ac_ct_CC=gcc
ac_cv_prog_ac_ct_CXX=g++
ac_cv_prog_ac_ct_OBJDUMP=objdump
ac_cv_prog_ac_ct_RANLIB=ranlib
ac_cv_prog_ac_ct_STRIP=strip
ac_cv_prog_cc_c89=
ac_cv_prog_cc_g=yes
ac_cv_prog_cxx_g=yes
ac_cv_prog_make_make_set=yes
ac_cv_sizeof_long=8
ac_cv_sizeof_long_long=8
ac_cv_type_in_addr_t=yes
am_cv_CC_dependencies_compiler_type=gcc3
am_cv_CXX_dependencies_compiler_type=gcc3
lt_cv_deplibs_check_method=pass_all
lt_cv_file_magic_cmd='$MAGIC_CMD'
lt_cv_file_magic_test_file=
lt_cv_ld_reload_flag=-r
lt_cv_nm_interface='BSD nm'
lt_cv_objdir=.libs
lt_cv_path_LD=/usr/bin/ld
lt_cv_path_LDCXX='/usr/bin/ld -m elf_x86_64'
lt_cv_path_NM='/usr/bin/nm -B'
lt_cv_prog_compiler_c_o=yes
lt_cv_prog_compiler_c_o_CXX=yes
lt_cv_prog_compiler_pic_works=yes
lt_cv_prog_compiler_pic_works_CXX=yes
lt_cv_prog_compiler_rtti_exceptions=no
lt_cv_prog_compiler_static_works=yes
lt_cv_prog_compiler_static_works_CXX=yes
lt_cv_prog_gnu_ld=yes
lt_cv_prog_gnu_ldcxx=yes
lt_cv_sys_global_symbol_pipe='sed -n -e '\''s/^.*[	 ]\([ABCDGIRSTW][ABCDGIRSTW]*\)[	 ][	 ]*\([_A-Za-z][_A-Za-z0-9]*\)$/\1 \2 \2/p'\'''
lt_cv_sys_global_symbol_to_c_name_address='sed -n -e '\''s/^: \([^ ]*\) $/  {\"\1\", (void *) 0},/p'\'' -e '\''s/^[ABCDGIRSTW]* \([^ ]*\) \([^ ]*\)$/  {"\2", (void *) \&\2},/p'\'''
lt_cv_sys_global_symbol_to_c_name_address_lib_prefix='sed -n -e '\''s/^: \([^ ]*\) $/  {\"\1\", (void *) 0},/p'\'' -e '\''s/^[ABCDGIRSTW]* \([^ ]*\) \(lib[^ ]*\)$/  {"\2", (void *) \&\2},/p'\'' -e '\''s/^[ABCDGIRSTW]* \([^ ]*\) \([^ ]*\)$/  {"lib\2", (void *) \&\2},/p'\'''
lt_cv_sys_global_symbol_to_cdecl='sed -n -e '\''s/^T .* \(.*\)$/extern int \1();/p'\'' -e '\''s/^[ABCDGIRSTW]* .* \(.*\)$/extern char \1;/p'\'''
lt_cv_sys_max_cmd_len=1572864
zlib_cv_libz=yes
zlib_cv_zlib_h=yes

## ----------------- ##
## Output variables. ##
## ----------------- ##

ACLOCAL='${SHELL} /home/yhyan/github/c/httrack/httrack-3.46.1/missing --run aclocal-1.9'
AMDEPBACKSLASH='\'
AMDEP_FALSE='#'
AMDEP_TRUE=''
AMTAR='${SHELL} /home/yhyan/github/c/httrack/httrack-3.46.1/missing --run tar'
AR='ar'
AUTOCONF='${SHELL} /home/yhyan/github/c/httrack/httrack-3.46.1/missing --run autoconf'
AUTOHEADER='${SHELL} /home/yhyan/github/c/httrack/httrack-3.46.1/missing --run autoheader'
AUTOMAKE='${SHELL} /home/yhyan/github/c/httrack/httrack-3.46.1/missing --run automake-1.9'
AWK='mawk'
CC='gcc'
CCDEPMODE='depmode=gcc3'
CFLAGS='-g -O2'
CPP='gcc -E'
CPPFLAGS=' -I/usr/include'
CXX='g++'
CXXCPP='g++ -E'
CXXDEPMODE='depmode=gcc3'
CXXFLAGS='-g -O2'
CYGPATH_W='echo'
DEFAULT_CFLAGS='-O -g3 -Wall -Wcast-align -Wstrict-prototypes -Wmissing-prototypes -Wmissing-declarations -Wpointer-arith -Wnested-externs -D_REENTRANT'
DEFS='-DHAVE_CONFIG_H'
DEPDIR='.deps'
DL_LIBS='-ldl'
DSYMUTIL=''
DUMPBIN=''
ECHO_C=''
ECHO_N='-n'
ECHO_T=''
EGREP='/bin/grep -E'
EXEEXT=''
FGREP='/bin/grep -F'
GREP='/bin/grep'
ICONV_LIBS=''
INSTALL_DATA='${INSTALL} -m 644'
INSTALL_PROGRAM='${INSTALL}'
INSTALL_SCRIPT='${INSTALL}'
INSTALL_STRIP_PROGRAM='${SHELL} $(install_sh) -c -s'
LD='/usr/bin/ld -m elf_x86_64'
LDFLAGS=' -L/usr/lib'
LFS_FLAG='-D_FILE_OFFSET_BITS=64 -D_LARGEFILE_SOURCE -D_LARGEFILE64_SOURCE'
LIBOBJS=''
LIBS='-lz '
LIBTOOL='$(SHELL) $(top_builddir)/libtool'
LIPO=''
LN_S='ln -s'
LTLIBOBJS=''
MAINT='#'
MAINTAINER_MODE_FALSE=''
MAINTAINER_MODE_TRUE='#'
MAKEINFO='${SHELL} /home/yhyan/github/c/httrack/httrack-3.46.1/missing --run makeinfo'
NM='/usr/bin/nm -B'
NMEDIT=''
OBJDUMP='objdump'
OBJEXT='o'
OTOOL64=''
OTOOL=''
PACKAGE='httrack'
PACKAGE_BUGREPORT=''
PACKAGE_NAME=''
PACKAGE_STRING=''
PACKAGE_TARNAME=''
PACKAGE_URL=''
PACKAGE_VERSION=''
PATH_SEPARATOR=':'
RANLIB='ranlib'
SED='/bin/sed'
SET_MAKE=''
SHELL='/bin/bash'
SOCKET_LIBS=''
STRIP='strip'
THREADS_CFLAGS=''
THREADS_LIBS='-lpthread'
V6_FLAG='-DINET6'
VERSION='3.46.1'
VERSION_INFO='2:46:0'
ac_ct_CC='gcc'
ac_ct_CXX='g++'
ac_ct_DUMPBIN=''
am__fastdepCC_FALSE='#'
am__fastdepCC_TRUE=''
am__fastdepCXX_FALSE='#'
am__fastdepCXX_TRUE=''
am__include='include'
am__leading_dot='.'
am__quote=''
am__tar='${AMTAR} chof - "$$tardir"'
am__untar='${AMTAR} xf -'
bindir='${exec_prefix}/bin'
build='x86_64-unknown-linux-gnu'
build_alias=''
build_cpu='x86_64'
build_os='linux-gnu'
build_vendor='unknown'
datadir='${datarootdir}'
datarootdir='${prefix}/share'
docdir='${datarootdir}/doc/${PACKAGE}'
dvidir='${docdir}'
exec_prefix='${prefix}'
host='x86_64-unknown-linux-gnu'
host_alias=''
host_cpu='x86_64'
host_os='linux-gnu'
host_vendor='unknown'
htmldir='${docdir}'
includedir='${prefix}/include'
infodir='${datarootdir}/info'
install_sh='/home/yhyan/github/c/httrack/httrack-3.46.1/install-sh'
libdir='${exec_prefix}/lib'
libexecdir='${exec_prefix}/libexec'
localedir='${datarootdir}/locale'
localstatedir='${prefix}/var'
lt_ECHO='echo'
mandir='${datarootdir}/man'
mkdir_p='mkdir -p --'
oldincludedir='/usr/include'
pdfdir='${docdir}'
prefix='/usr/local'
program_transform_name='s,x,x,'
psdir='${docdir}'
sbindir='${exec_prefix}/sbin'
sharedstatedir='${prefix}/com'
sysconfdir='${prefix}/etc'
target_alias=''

## ----------- ##
## confdefs.h. ##
## ----------- ##

/* confdefs.h */
#define PACKAGE_NAME ""
#define PACKAGE_TARNAME ""
#define PACKAGE_VERSION ""
#define PACKAGE_STRING ""
#define PACKAGE_BUGREPORT ""
#define PACKAGE_URL ""
#define PACKAGE "httrack"
#define VERSION "3.46.1"
#define STDC_HEADERS 1
#define HAVE_SYS_TYPES_H 1
#define HAVE_SYS_STAT_H 1
#define HAVE_STDLIB_H 1
#define HAVE_STRING_H 1
#define HAVE_MEMORY_H 1
#define HAVE_STRINGS_H 1
#define HAVE_INTTYPES_H 1
#define HAVE_STDINT_H 1
#define HAVE_UNISTD_H 1
#define HAVE_DLFCN_H 1
#define LT_OBJDIR ".libs/"
#define SIZEOF_LONG 8
#define SIZEOF_LONG_LONG 8
#define LLINT_FORMAT "%ld"
#define LLINT_TYPE long int
#define HTS_DO_NOT_REDEFINE_in_addr_t /**/
#define HAVE_LIBZ 1
#define HTS_INET6 1
#define HTS_LFS 1
#define THREADS 1
#define DLLIB 1
#define FTIME 1
#define SETUID 1
#define HAVE_SNPRINTF 1
#define HAVE_VSNPRINTF 1

configure: exit 0
